#-----------------------------------------------------------
# Vivado v2019.1 (64-bit)
# SW Build 2552052 on Fri May 24 14:49:42 MDT 2019
# IP Build 2548770 on Fri May 24 18:01:18 MDT 2019
# Start of session at: Wed Dec 16 00:30:52 2020
# Process ID: 20260
# Current directory: C:/Users/Chase/Documents/School/College/5th Semester/CMPEN 331/Labs/Extra Credit
# Command line: vivado.exe -gui_launcher_event rodinguilauncherevent21940 C:\Users\Chase\Documents\School\College\5th Semester\CMPEN 331\Labs\Extra Credit\Extra Credit.xpr
# Log file: C:/Users/Chase/Documents/School/College/5th Semester/CMPEN 331/Labs/Extra Credit/vivado.log
# Journal file: C:/Users/Chase/Documents/School/College/5th Semester/CMPEN 331/Labs/Extra Credit\vivado.jou
#-----------------------------------------------------------
start_gui
open_project {C:/Users/Chase/Documents/School/College/5th Semester/CMPEN 331/Labs/Extra Credit/Extra Credit.xpr}
Scanning sources...
Finished scanning sources
INFO: [IP_Flow 19-234] Refreshing IP repositories
INFO: [IP_Flow 19-1704] No user IP repositories specified
INFO: [IP_Flow 19-2313] Loaded Vivado IP repository 'C:/Xilinx/Vivado/2019.1/data/ip'.
open_project: Time (s): cpu = 00:00:35 ; elapsed = 00:00:16 . Memory (MB): peak = 887.344 ; gain = 21.531
update_compile_order -fileset sources_1
reset_run synth_1
launch_runs impl_1 -to_step write_bitstream -jobs 4
[Wed Dec 16 01:02:26 2020] Launched synth_1...
Run output will be captured here: C:/Users/Chase/Documents/School/College/5th Semester/CMPEN 331/Labs/Extra Credit/Extra Credit.runs/synth_1/runme.log
[Wed Dec 16 01:02:26 2020] Launched impl_1...
Run output will be captured here: C:/Users/Chase/Documents/School/College/5th Semester/CMPEN 331/Labs/Extra Credit/Extra Credit.runs/impl_1/runme.log
reset_run synth_1
launch_runs synth_1 -jobs 4
[Wed Dec 16 01:06:34 2020] Launched synth_1...
Run output will be captured here: C:/Users/Chase/Documents/School/College/5th Semester/CMPEN 331/Labs/Extra Credit/Extra Credit.runs/synth_1/runme.log
open_run synth_1 -name synth_1
Design is defaulting to impl run constrset: constrs_1
Design is defaulting to synth run part: xc7z007sclg400-1
INFO: [Device 21-403] Loading part xc7z007sclg400-1
INFO: [Netlist 29-17] Analyzing 8 Unisim elements for replacement
INFO: [Netlist 29-28] Unisim Transformation completed in 0 CPU seconds
INFO: [Project 1-479] Netlist was created with Vivado 2019.1
INFO: [Project 1-570] Preparing netlist for logic optimization
Parsing XDC File [C:/Users/Chase/Documents/School/College/5th Semester/CMPEN 331/Labs/Extra Credit/Extra Credit.srcs/constrs_1/new/constraint.xdc]
WARNING: [Vivado 12-584] No ports matched 'nextPC[31]'. [C:/Users/Chase/Documents/School/College/5th Semester/CMPEN 331/Labs/Extra Credit/Extra Credit.srcs/constrs_1/new/constraint.xdc:33]
CRITICAL WARNING: [Common 17-55] 'set_property' expects at least one object. [C:/Users/Chase/Documents/School/College/5th Semester/CMPEN 331/Labs/Extra Credit/Extra Credit.srcs/constrs_1/new/constraint.xdc:33]
Resolution: If [get_<value>] was used to populate the object, check to make sure this command returns at least one valid object.
WARNING: [Vivado 12-584] No ports matched 'nextPC[30]'. [C:/Users/Chase/Documents/School/College/5th Semester/CMPEN 331/Labs/Extra Credit/Extra Credit.srcs/constrs_1/new/constraint.xdc:34]
CRITICAL WARNING: [Common 17-55] 'set_property' expects at least one object. [C:/Users/Chase/Documents/School/College/5th Semester/CMPEN 331/Labs/Extra Credit/Extra Credit.srcs/constrs_1/new/constraint.xdc:34]
Resolution: If [get_<value>] was used to populate the object, check to make sure this command returns at least one valid object.
WARNING: [Vivado 12-584] No ports matched 'nextPC[29]'. [C:/Users/Chase/Documents/School/College/5th Semester/CMPEN 331/Labs/Extra Credit/Extra Credit.srcs/constrs_1/new/constraint.xdc:35]
CRITICAL WARNING: [Common 17-55] 'set_property' expects at least one object. [C:/Users/Chase/Documents/School/College/5th Semester/CMPEN 331/Labs/Extra Credit/Extra Credit.srcs/constrs_1/new/constraint.xdc:35]
Resolution: If [get_<value>] was used to populate the object, check to make sure this command returns at least one valid object.
WARNING: [Vivado 12-584] No ports matched 'nextPC[28]'. [C:/Users/Chase/Documents/School/College/5th Semester/CMPEN 331/Labs/Extra Credit/Extra Credit.srcs/constrs_1/new/constraint.xdc:36]
CRITICAL WARNING: [Common 17-55] 'set_property' expects at least one object. [C:/Users/Chase/Documents/School/College/5th Semester/CMPEN 331/Labs/Extra Credit/Extra Credit.srcs/constrs_1/new/constraint.xdc:36]
Resolution: If [get_<value>] was used to populate the object, check to make sure this command returns at least one valid object.
WARNING: [Vivado 12-584] No ports matched 'nextPC[27]'. [C:/Users/Chase/Documents/School/College/5th Semester/CMPEN 331/Labs/Extra Credit/Extra Credit.srcs/constrs_1/new/constraint.xdc:37]
CRITICAL WARNING: [Common 17-55] 'set_property' expects at least one object. [C:/Users/Chase/Documents/School/College/5th Semester/CMPEN 331/Labs/Extra Credit/Extra Credit.srcs/constrs_1/new/constraint.xdc:37]
Resolution: If [get_<value>] was used to populate the object, check to make sure this command returns at least one valid object.
WARNING: [Vivado 12-584] No ports matched 'nextPC[26]'. [C:/Users/Chase/Documents/School/College/5th Semester/CMPEN 331/Labs/Extra Credit/Extra Credit.srcs/constrs_1/new/constraint.xdc:38]
CRITICAL WARNING: [Common 17-55] 'set_property' expects at least one object. [C:/Users/Chase/Documents/School/College/5th Semester/CMPEN 331/Labs/Extra Credit/Extra Credit.srcs/constrs_1/new/constraint.xdc:38]
Resolution: If [get_<value>] was used to populate the object, check to make sure this command returns at least one valid object.
WARNING: [Vivado 12-584] No ports matched 'nextPC[25]'. [C:/Users/Chase/Documents/School/College/5th Semester/CMPEN 331/Labs/Extra Credit/Extra Credit.srcs/constrs_1/new/constraint.xdc:39]
CRITICAL WARNING: [Common 17-55] 'set_property' expects at least one object. [C:/Users/Chase/Documents/School/College/5th Semester/CMPEN 331/Labs/Extra Credit/Extra Credit.srcs/constrs_1/new/constraint.xdc:39]
Resolution: If [get_<value>] was used to populate the object, check to make sure this command returns at least one valid object.
WARNING: [Vivado 12-584] No ports matched 'nextPC[24]'. [C:/Users/Chase/Documents/School/College/5th Semester/CMPEN 331/Labs/Extra Credit/Extra Credit.srcs/constrs_1/new/constraint.xdc:40]
CRITICAL WARNING: [Common 17-55] 'set_property' expects at least one object. [C:/Users/Chase/Documents/School/College/5th Semester/CMPEN 331/Labs/Extra Credit/Extra Credit.srcs/constrs_1/new/constraint.xdc:40]
Resolution: If [get_<value>] was used to populate the object, check to make sure this command returns at least one valid object.
WARNING: [Vivado 12-584] No ports matched 'nextPC[23]'. [C:/Users/Chase/Documents/School/College/5th Semester/CMPEN 331/Labs/Extra Credit/Extra Credit.srcs/constrs_1/new/constraint.xdc:41]
CRITICAL WARNING: [Common 17-55] 'set_property' expects at least one object. [C:/Users/Chase/Documents/School/College/5th Semester/CMPEN 331/Labs/Extra Credit/Extra Credit.srcs/constrs_1/new/constraint.xdc:41]
Resolution: If [get_<value>] was used to populate the object, check to make sure this command returns at least one valid object.
WARNING: [Vivado 12-584] No ports matched 'nextPC[22]'. [C:/Users/Chase/Documents/School/College/5th Semester/CMPEN 331/Labs/Extra Credit/Extra Credit.srcs/constrs_1/new/constraint.xdc:42]
CRITICAL WARNING: [Common 17-55] 'set_property' expects at least one object. [C:/Users/Chase/Documents/School/College/5th Semester/CMPEN 331/Labs/Extra Credit/Extra Credit.srcs/constrs_1/new/constraint.xdc:42]
Resolution: If [get_<value>] was used to populate the object, check to make sure this command returns at least one valid object.
WARNING: [Vivado 12-584] No ports matched 'nextPC[21]'. [C:/Users/Chase/Documents/School/College/5th Semester/CMPEN 331/Labs/Extra Credit/Extra Credit.srcs/constrs_1/new/constraint.xdc:43]
CRITICAL WARNING: [Common 17-55] 'set_property' expects at least one object. [C:/Users/Chase/Documents/School/College/5th Semester/CMPEN 331/Labs/Extra Credit/Extra Credit.srcs/constrs_1/new/constraint.xdc:43]
Resolution: If [get_<value>] was used to populate the object, check to make sure this command returns at least one valid object.
WARNING: [Vivado 12-584] No ports matched 'nextPC[20]'. [C:/Users/Chase/Documents/School/College/5th Semester/CMPEN 331/Labs/Extra Credit/Extra Credit.srcs/constrs_1/new/constraint.xdc:44]
CRITICAL WARNING: [Common 17-55] 'set_property' expects at least one object. [C:/Users/Chase/Documents/School/College/5th Semester/CMPEN 331/Labs/Extra Credit/Extra Credit.srcs/constrs_1/new/constraint.xdc:44]
Resolution: If [get_<value>] was used to populate the object, check to make sure this command returns at least one valid object.
WARNING: [Vivado 12-584] No ports matched 'nextPC[19]'. [C:/Users/Chase/Documents/School/College/5th Semester/CMPEN 331/Labs/Extra Credit/Extra Credit.srcs/constrs_1/new/constraint.xdc:45]
CRITICAL WARNING: [Common 17-55] 'set_property' expects at least one object. [C:/Users/Chase/Documents/School/College/5th Semester/CMPEN 331/Labs/Extra Credit/Extra Credit.srcs/constrs_1/new/constraint.xdc:45]
Resolution: If [get_<value>] was used to populate the object, check to make sure this command returns at least one valid object.
WARNING: [Vivado 12-584] No ports matched 'nextPC[18]'. [C:/Users/Chase/Documents/School/College/5th Semester/CMPEN 331/Labs/Extra Credit/Extra Credit.srcs/constrs_1/new/constraint.xdc:46]
CRITICAL WARNING: [Common 17-55] 'set_property' expects at least one object. [C:/Users/Chase/Documents/School/College/5th Semester/CMPEN 331/Labs/Extra Credit/Extra Credit.srcs/constrs_1/new/constraint.xdc:46]
Resolution: If [get_<value>] was used to populate the object, check to make sure this command returns at least one valid object.
WARNING: [Vivado 12-584] No ports matched 'nextPC[17]'. [C:/Users/Chase/Documents/School/College/5th Semester/CMPEN 331/Labs/Extra Credit/Extra Credit.srcs/constrs_1/new/constraint.xdc:47]
CRITICAL WARNING: [Common 17-55] 'set_property' expects at least one object. [C:/Users/Chase/Documents/School/College/5th Semester/CMPEN 331/Labs/Extra Credit/Extra Credit.srcs/constrs_1/new/constraint.xdc:47]
Resolution: If [get_<value>] was used to populate the object, check to make sure this command returns at least one valid object.
WARNING: [Vivado 12-584] No ports matched 'nextPC[16]'. [C:/Users/Chase/Documents/School/College/5th Semester/CMPEN 331/Labs/Extra Credit/Extra Credit.srcs/constrs_1/new/constraint.xdc:48]
CRITICAL WARNING: [Common 17-55] 'set_property' expects at least one object. [C:/Users/Chase/Documents/School/College/5th Semester/CMPEN 331/Labs/Extra Credit/Extra Credit.srcs/constrs_1/new/constraint.xdc:48]
Resolution: If [get_<value>] was used to populate the object, check to make sure this command returns at least one valid object.
WARNING: [Vivado 12-584] No ports matched 'nextPC[15]'. [C:/Users/Chase/Documents/School/College/5th Semester/CMPEN 331/Labs/Extra Credit/Extra Credit.srcs/constrs_1/new/constraint.xdc:49]
CRITICAL WARNING: [Common 17-55] 'set_property' expects at least one object. [C:/Users/Chase/Documents/School/College/5th Semester/CMPEN 331/Labs/Extra Credit/Extra Credit.srcs/constrs_1/new/constraint.xdc:49]
Resolution: If [get_<value>] was used to populate the object, check to make sure this command returns at least one valid object.
WARNING: [Vivado 12-584] No ports matched 'nextPC[14]'. [C:/Users/Chase/Documents/School/College/5th Semester/CMPEN 331/Labs/Extra Credit/Extra Credit.srcs/constrs_1/new/constraint.xdc:50]
CRITICAL WARNING: [Common 17-55] 'set_property' expects at least one object. [C:/Users/Chase/Documents/School/College/5th Semester/CMPEN 331/Labs/Extra Credit/Extra Credit.srcs/constrs_1/new/constraint.xdc:50]
Resolution: If [get_<value>] was used to populate the object, check to make sure this command returns at least one valid object.
WARNING: [Vivado 12-584] No ports matched 'nextPC[13]'. [C:/Users/Chase/Documents/School/College/5th Semester/CMPEN 331/Labs/Extra Credit/Extra Credit.srcs/constrs_1/new/constraint.xdc:51]
CRITICAL WARNING: [Common 17-55] 'set_property' expects at least one object. [C:/Users/Chase/Documents/School/College/5th Semester/CMPEN 331/Labs/Extra Credit/Extra Credit.srcs/constrs_1/new/constraint.xdc:51]
Resolution: If [get_<value>] was used to populate the object, check to make sure this command returns at least one valid object.
WARNING: [Vivado 12-584] No ports matched 'nextPC[12]'. [C:/Users/Chase/Documents/School/College/5th Semester/CMPEN 331/Labs/Extra Credit/Extra Credit.srcs/constrs_1/new/constraint.xdc:52]
CRITICAL WARNING: [Common 17-55] 'set_property' expects at least one object. [C:/Users/Chase/Documents/School/College/5th Semester/CMPEN 331/Labs/Extra Credit/Extra Credit.srcs/constrs_1/new/constraint.xdc:52]
Resolution: If [get_<value>] was used to populate the object, check to make sure this command returns at least one valid object.
WARNING: [Vivado 12-584] No ports matched 'nextPC[11]'. [C:/Users/Chase/Documents/School/College/5th Semester/CMPEN 331/Labs/Extra Credit/Extra Credit.srcs/constrs_1/new/constraint.xdc:53]
CRITICAL WARNING: [Common 17-55] 'set_property' expects at least one object. [C:/Users/Chase/Documents/School/College/5th Semester/CMPEN 331/Labs/Extra Credit/Extra Credit.srcs/constrs_1/new/constraint.xdc:53]
Resolution: If [get_<value>] was used to populate the object, check to make sure this command returns at least one valid object.
WARNING: [Vivado 12-584] No ports matched 'nextPC[10]'. [C:/Users/Chase/Documents/School/College/5th Semester/CMPEN 331/Labs/Extra Credit/Extra Credit.srcs/constrs_1/new/constraint.xdc:54]
CRITICAL WARNING: [Common 17-55] 'set_property' expects at least one object. [C:/Users/Chase/Documents/School/College/5th Semester/CMPEN 331/Labs/Extra Credit/Extra Credit.srcs/constrs_1/new/constraint.xdc:54]
Resolution: If [get_<value>] was used to populate the object, check to make sure this command returns at least one valid object.
WARNING: [Vivado 12-584] No ports matched 'nextPC[9]'. [C:/Users/Chase/Documents/School/College/5th Semester/CMPEN 331/Labs/Extra Credit/Extra Credit.srcs/constrs_1/new/constraint.xdc:55]
CRITICAL WARNING: [Common 17-55] 'set_property' expects at least one object. [C:/Users/Chase/Documents/School/College/5th Semester/CMPEN 331/Labs/Extra Credit/Extra Credit.srcs/constrs_1/new/constraint.xdc:55]
Resolution: If [get_<value>] was used to populate the object, check to make sure this command returns at least one valid object.
WARNING: [Vivado 12-584] No ports matched 'nextPC[8]'. [C:/Users/Chase/Documents/School/College/5th Semester/CMPEN 331/Labs/Extra Credit/Extra Credit.srcs/constrs_1/new/constraint.xdc:56]
CRITICAL WARNING: [Common 17-55] 'set_property' expects at least one object. [C:/Users/Chase/Documents/School/College/5th Semester/CMPEN 331/Labs/Extra Credit/Extra Credit.srcs/constrs_1/new/constraint.xdc:56]
Resolution: If [get_<value>] was used to populate the object, check to make sure this command returns at least one valid object.
WARNING: [Vivado 12-584] No ports matched 'nextPC[7]'. [C:/Users/Chase/Documents/School/College/5th Semester/CMPEN 331/Labs/Extra Credit/Extra Credit.srcs/constrs_1/new/constraint.xdc:57]
CRITICAL WARNING: [Common 17-55] 'set_property' expects at least one object. [C:/Users/Chase/Documents/School/College/5th Semester/CMPEN 331/Labs/Extra Credit/Extra Credit.srcs/constrs_1/new/constraint.xdc:57]
Resolution: If [get_<value>] was used to populate the object, check to make sure this command returns at least one valid object.
WARNING: [Vivado 12-584] No ports matched 'nextPC[6]'. [C:/Users/Chase/Documents/School/College/5th Semester/CMPEN 331/Labs/Extra Credit/Extra Credit.srcs/constrs_1/new/constraint.xdc:58]
CRITICAL WARNING: [Common 17-55] 'set_property' expects at least one object. [C:/Users/Chase/Documents/School/College/5th Semester/CMPEN 331/Labs/Extra Credit/Extra Credit.srcs/constrs_1/new/constraint.xdc:58]
Resolution: If [get_<value>] was used to populate the object, check to make sure this command returns at least one valid object.
WARNING: [Vivado 12-584] No ports matched 'nextPC[5]'. [C:/Users/Chase/Documents/School/College/5th Semester/CMPEN 331/Labs/Extra Credit/Extra Credit.srcs/constrs_1/new/constraint.xdc:59]
CRITICAL WARNING: [Common 17-55] 'set_property' expects at least one object. [C:/Users/Chase/Documents/School/College/5th Semester/CMPEN 331/Labs/Extra Credit/Extra Credit.srcs/constrs_1/new/constraint.xdc:59]
Resolution: If [get_<value>] was used to populate the object, check to make sure this command returns at least one valid object.
WARNING: [Vivado 12-584] No ports matched 'nextPC[4]'. [C:/Users/Chase/Documents/School/College/5th Semester/CMPEN 331/Labs/Extra Credit/Extra Credit.srcs/constrs_1/new/constraint.xdc:60]
CRITICAL WARNING: [Common 17-55] 'set_property' expects at least one object. [C:/Users/Chase/Documents/School/College/5th Semester/CMPEN 331/Labs/Extra Credit/Extra Credit.srcs/constrs_1/new/constraint.xdc:60]
Resolution: If [get_<value>] was used to populate the object, check to make sure this command returns at least one valid object.
WARNING: [Vivado 12-584] No ports matched 'nextPC[3]'. [C:/Users/Chase/Documents/School/College/5th Semester/CMPEN 331/Labs/Extra Credit/Extra Credit.srcs/constrs_1/new/constraint.xdc:61]
CRITICAL WARNING: [Common 17-55] 'set_property' expects at least one object. [C:/Users/Chase/Documents/School/College/5th Semester/CMPEN 331/Labs/Extra Credit/Extra Credit.srcs/constrs_1/new/constraint.xdc:61]
Resolution: If [get_<value>] was used to populate the object, check to make sure this command returns at least one valid object.
WARNING: [Vivado 12-584] No ports matched 'nextPC[2]'. [C:/Users/Chase/Documents/School/College/5th Semester/CMPEN 331/Labs/Extra Credit/Extra Credit.srcs/constrs_1/new/constraint.xdc:62]
CRITICAL WARNING: [Common 17-55] 'set_property' expects at least one object. [C:/Users/Chase/Documents/School/College/5th Semester/CMPEN 331/Labs/Extra Credit/Extra Credit.srcs/constrs_1/new/constraint.xdc:62]
Resolution: If [get_<value>] was used to populate the object, check to make sure this command returns at least one valid object.
WARNING: [Vivado 12-584] No ports matched 'nextPC[1]'. [C:/Users/Chase/Documents/School/College/5th Semester/CMPEN 331/Labs/Extra Credit/Extra Credit.srcs/constrs_1/new/constraint.xdc:63]
CRITICAL WARNING: [Common 17-55] 'set_property' expects at least one object. [C:/Users/Chase/Documents/School/College/5th Semester/CMPEN 331/Labs/Extra Credit/Extra Credit.srcs/constrs_1/new/constraint.xdc:63]
Resolution: If [get_<value>] was used to populate the object, check to make sure this command returns at least one valid object.
WARNING: [Vivado 12-584] No ports matched 'nextPC[0]'. [C:/Users/Chase/Documents/School/College/5th Semester/CMPEN 331/Labs/Extra Credit/Extra Credit.srcs/constrs_1/new/constraint.xdc:64]
CRITICAL WARNING: [Common 17-55] 'set_property' expects at least one object. [C:/Users/Chase/Documents/School/College/5th Semester/CMPEN 331/Labs/Extra Credit/Extra Credit.srcs/constrs_1/new/constraint.xdc:64]
Resolution: If [get_<value>] was used to populate the object, check to make sure this command returns at least one valid object.
WARNING: [Vivado 12-584] No ports matched 'nextPC[31]'. [C:/Users/Chase/Documents/School/College/5th Semester/CMPEN 331/Labs/Extra Credit/Extra Credit.srcs/constrs_1/new/constraint.xdc:99]
CRITICAL WARNING: [Common 17-55] 'set_property' expects at least one object. [C:/Users/Chase/Documents/School/College/5th Semester/CMPEN 331/Labs/Extra Credit/Extra Credit.srcs/constrs_1/new/constraint.xdc:99]
Resolution: If [get_<value>] was used to populate the object, check to make sure this command returns at least one valid object.
WARNING: [Vivado 12-584] No ports matched 'nextPC[30]'. [C:/Users/Chase/Documents/School/College/5th Semester/CMPEN 331/Labs/Extra Credit/Extra Credit.srcs/constrs_1/new/constraint.xdc:100]
CRITICAL WARNING: [Common 17-55] 'set_property' expects at least one object. [C:/Users/Chase/Documents/School/College/5th Semester/CMPEN 331/Labs/Extra Credit/Extra Credit.srcs/constrs_1/new/constraint.xdc:100]
Resolution: If [get_<value>] was used to populate the object, check to make sure this command returns at least one valid object.
WARNING: [Vivado 12-584] No ports matched 'nextPC[29]'. [C:/Users/Chase/Documents/School/College/5th Semester/CMPEN 331/Labs/Extra Credit/Extra Credit.srcs/constrs_1/new/constraint.xdc:101]
CRITICAL WARNING: [Common 17-55] 'set_property' expects at least one object. [C:/Users/Chase/Documents/School/College/5th Semester/CMPEN 331/Labs/Extra Credit/Extra Credit.srcs/constrs_1/new/constraint.xdc:101]
Resolution: If [get_<value>] was used to populate the object, check to make sure this command returns at least one valid object.
WARNING: [Vivado 12-584] No ports matched 'nextPC[28]'. [C:/Users/Chase/Documents/School/College/5th Semester/CMPEN 331/Labs/Extra Credit/Extra Credit.srcs/constrs_1/new/constraint.xdc:102]
CRITICAL WARNING: [Common 17-55] 'set_property' expects at least one object. [C:/Users/Chase/Documents/School/College/5th Semester/CMPEN 331/Labs/Extra Credit/Extra Credit.srcs/constrs_1/new/constraint.xdc:102]
Resolution: If [get_<value>] was used to populate the object, check to make sure this command returns at least one valid object.
WARNING: [Vivado 12-584] No ports matched 'nextPC[27]'. [C:/Users/Chase/Documents/School/College/5th Semester/CMPEN 331/Labs/Extra Credit/Extra Credit.srcs/constrs_1/new/constraint.xdc:103]
CRITICAL WARNING: [Common 17-55] 'set_property' expects at least one object. [C:/Users/Chase/Documents/School/College/5th Semester/CMPEN 331/Labs/Extra Credit/Extra Credit.srcs/constrs_1/new/constraint.xdc:103]
Resolution: If [get_<value>] was used to populate the object, check to make sure this command returns at least one valid object.
WARNING: [Vivado 12-584] No ports matched 'nextPC[26]'. [C:/Users/Chase/Documents/School/College/5th Semester/CMPEN 331/Labs/Extra Credit/Extra Credit.srcs/constrs_1/new/constraint.xdc:104]
CRITICAL WARNING: [Common 17-55] 'set_property' expects at least one object. [C:/Users/Chase/Documents/School/College/5th Semester/CMPEN 331/Labs/Extra Credit/Extra Credit.srcs/constrs_1/new/constraint.xdc:104]
Resolution: If [get_<value>] was used to populate the object, check to make sure this command returns at least one valid object.
WARNING: [Vivado 12-584] No ports matched 'nextPC[25]'. [C:/Users/Chase/Documents/School/College/5th Semester/CMPEN 331/Labs/Extra Credit/Extra Credit.srcs/constrs_1/new/constraint.xdc:105]
CRITICAL WARNING: [Common 17-55] 'set_property' expects at least one object. [C:/Users/Chase/Documents/School/College/5th Semester/CMPEN 331/Labs/Extra Credit/Extra Credit.srcs/constrs_1/new/constraint.xdc:105]
Resolution: If [get_<value>] was used to populate the object, check to make sure this command returns at least one valid object.
WARNING: [Vivado 12-584] No ports matched 'nextPC[24]'. [C:/Users/Chase/Documents/School/College/5th Semester/CMPEN 331/Labs/Extra Credit/Extra Credit.srcs/constrs_1/new/constraint.xdc:106]
CRITICAL WARNING: [Common 17-55] 'set_property' expects at least one object. [C:/Users/Chase/Documents/School/College/5th Semester/CMPEN 331/Labs/Extra Credit/Extra Credit.srcs/constrs_1/new/constraint.xdc:106]
Resolution: If [get_<value>] was used to populate the object, check to make sure this command returns at least one valid object.
WARNING: [Vivado 12-584] No ports matched 'nextPC[23]'. [C:/Users/Chase/Documents/School/College/5th Semester/CMPEN 331/Labs/Extra Credit/Extra Credit.srcs/constrs_1/new/constraint.xdc:107]
CRITICAL WARNING: [Common 17-55] 'set_property' expects at least one object. [C:/Users/Chase/Documents/School/College/5th Semester/CMPEN 331/Labs/Extra Credit/Extra Credit.srcs/constrs_1/new/constraint.xdc:107]
Resolution: If [get_<value>] was used to populate the object, check to make sure this command returns at least one valid object.
WARNING: [Vivado 12-584] No ports matched 'nextPC[22]'. [C:/Users/Chase/Documents/School/College/5th Semester/CMPEN 331/Labs/Extra Credit/Extra Credit.srcs/constrs_1/new/constraint.xdc:108]
CRITICAL WARNING: [Common 17-55] 'set_property' expects at least one object. [C:/Users/Chase/Documents/School/College/5th Semester/CMPEN 331/Labs/Extra Credit/Extra Credit.srcs/constrs_1/new/constraint.xdc:108]
Resolution: If [get_<value>] was used to populate the object, check to make sure this command returns at least one valid object.
WARNING: [Vivado 12-584] No ports matched 'nextPC[21]'. [C:/Users/Chase/Documents/School/College/5th Semester/CMPEN 331/Labs/Extra Credit/Extra Credit.srcs/constrs_1/new/constraint.xdc:109]
CRITICAL WARNING: [Common 17-55] 'set_property' expects at least one object. [C:/Users/Chase/Documents/School/College/5th Semester/CMPEN 331/Labs/Extra Credit/Extra Credit.srcs/constrs_1/new/constraint.xdc:109]
Resolution: If [get_<value>] was used to populate the object, check to make sure this command returns at least one valid object.
WARNING: [Vivado 12-584] No ports matched 'nextPC[20]'. [C:/Users/Chase/Documents/School/College/5th Semester/CMPEN 331/Labs/Extra Credit/Extra Credit.srcs/constrs_1/new/constraint.xdc:110]
CRITICAL WARNING: [Common 17-55] 'set_property' expects at least one object. [C:/Users/Chase/Documents/School/College/5th Semester/CMPEN 331/Labs/Extra Credit/Extra Credit.srcs/constrs_1/new/constraint.xdc:110]
Resolution: If [get_<value>] was used to populate the object, check to make sure this command returns at least one valid object.
WARNING: [Vivado 12-584] No ports matched 'nextPC[19]'. [C:/Users/Chase/Documents/School/College/5th Semester/CMPEN 331/Labs/Extra Credit/Extra Credit.srcs/constrs_1/new/constraint.xdc:111]
CRITICAL WARNING: [Common 17-55] 'set_property' expects at least one object. [C:/Users/Chase/Documents/School/College/5th Semester/CMPEN 331/Labs/Extra Credit/Extra Credit.srcs/constrs_1/new/constraint.xdc:111]
Resolution: If [get_<value>] was used to populate the object, check to make sure this command returns at least one valid object.
WARNING: [Vivado 12-584] No ports matched 'nextPC[18]'. [C:/Users/Chase/Documents/School/College/5th Semester/CMPEN 331/Labs/Extra Credit/Extra Credit.srcs/constrs_1/new/constraint.xdc:112]
CRITICAL WARNING: [Common 17-55] 'set_property' expects at least one object. [C:/Users/Chase/Documents/School/College/5th Semester/CMPEN 331/Labs/Extra Credit/Extra Credit.srcs/constrs_1/new/constraint.xdc:112]
Resolution: If [get_<value>] was used to populate the object, check to make sure this command returns at least one valid object.
WARNING: [Vivado 12-584] No ports matched 'nextPC[17]'. [C:/Users/Chase/Documents/School/College/5th Semester/CMPEN 331/Labs/Extra Credit/Extra Credit.srcs/constrs_1/new/constraint.xdc:113]
CRITICAL WARNING: [Common 17-55] 'set_property' expects at least one object. [C:/Users/Chase/Documents/School/College/5th Semester/CMPEN 331/Labs/Extra Credit/Extra Credit.srcs/constrs_1/new/constraint.xdc:113]
Resolution: If [get_<value>] was used to populate the object, check to make sure this command returns at least one valid object.
WARNING: [Vivado 12-584] No ports matched 'nextPC[16]'. [C:/Users/Chase/Documents/School/College/5th Semester/CMPEN 331/Labs/Extra Credit/Extra Credit.srcs/constrs_1/new/constraint.xdc:114]
CRITICAL WARNING: [Common 17-55] 'set_property' expects at least one object. [C:/Users/Chase/Documents/School/College/5th Semester/CMPEN 331/Labs/Extra Credit/Extra Credit.srcs/constrs_1/new/constraint.xdc:114]
Resolution: If [get_<value>] was used to populate the object, check to make sure this command returns at least one valid object.
WARNING: [Vivado 12-584] No ports matched 'nextPC[15]'. [C:/Users/Chase/Documents/School/College/5th Semester/CMPEN 331/Labs/Extra Credit/Extra Credit.srcs/constrs_1/new/constraint.xdc:115]
CRITICAL WARNING: [Common 17-55] 'set_property' expects at least one object. [C:/Users/Chase/Documents/School/College/5th Semester/CMPEN 331/Labs/Extra Credit/Extra Credit.srcs/constrs_1/new/constraint.xdc:115]
Resolution: If [get_<value>] was used to populate the object, check to make sure this command returns at least one valid object.
WARNING: [Vivado 12-584] No ports matched 'nextPC[14]'. [C:/Users/Chase/Documents/School/College/5th Semester/CMPEN 331/Labs/Extra Credit/Extra Credit.srcs/constrs_1/new/constraint.xdc:116]
CRITICAL WARNING: [Common 17-55] 'set_property' expects at least one object. [C:/Users/Chase/Documents/School/College/5th Semester/CMPEN 331/Labs/Extra Credit/Extra Credit.srcs/constrs_1/new/constraint.xdc:116]
Resolution: If [get_<value>] was used to populate the object, check to make sure this command returns at least one valid object.
WARNING: [Vivado 12-584] No ports matched 'nextPC[13]'. [C:/Users/Chase/Documents/School/College/5th Semester/CMPEN 331/Labs/Extra Credit/Extra Credit.srcs/constrs_1/new/constraint.xdc:117]
CRITICAL WARNING: [Common 17-55] 'set_property' expects at least one object. [C:/Users/Chase/Documents/School/College/5th Semester/CMPEN 331/Labs/Extra Credit/Extra Credit.srcs/constrs_1/new/constraint.xdc:117]
Resolution: If [get_<value>] was used to populate the object, check to make sure this command returns at least one valid object.
WARNING: [Vivado 12-584] No ports matched 'nextPC[12]'. [C:/Users/Chase/Documents/School/College/5th Semester/CMPEN 331/Labs/Extra Credit/Extra Credit.srcs/constrs_1/new/constraint.xdc:118]
CRITICAL WARNING: [Common 17-55] 'set_property' expects at least one object. [C:/Users/Chase/Documents/School/College/5th Semester/CMPEN 331/Labs/Extra Credit/Extra Credit.srcs/constrs_1/new/constraint.xdc:118]
Resolution: If [get_<value>] was used to populate the object, check to make sure this command returns at least one valid object.
WARNING: [Vivado 12-584] No ports matched 'nextPC[11]'. [C:/Users/Chase/Documents/School/College/5th Semester/CMPEN 331/Labs/Extra Credit/Extra Credit.srcs/constrs_1/new/constraint.xdc:119]
CRITICAL WARNING: [Common 17-55] 'set_property' expects at least one object. [C:/Users/Chase/Documents/School/College/5th Semester/CMPEN 331/Labs/Extra Credit/Extra Credit.srcs/constrs_1/new/constraint.xdc:119]
Resolution: If [get_<value>] was used to populate the object, check to make sure this command returns at least one valid object.
WARNING: [Vivado 12-584] No ports matched 'nextPC[10]'. [C:/Users/Chase/Documents/School/College/5th Semester/CMPEN 331/Labs/Extra Credit/Extra Credit.srcs/constrs_1/new/constraint.xdc:120]
CRITICAL WARNING: [Common 17-55] 'set_property' expects at least one object. [C:/Users/Chase/Documents/School/College/5th Semester/CMPEN 331/Labs/Extra Credit/Extra Credit.srcs/constrs_1/new/constraint.xdc:120]
Resolution: If [get_<value>] was used to populate the object, check to make sure this command returns at least one valid object.
WARNING: [Vivado 12-584] No ports matched 'nextPC[9]'. [C:/Users/Chase/Documents/School/College/5th Semester/CMPEN 331/Labs/Extra Credit/Extra Credit.srcs/constrs_1/new/constraint.xdc:121]
CRITICAL WARNING: [Common 17-55] 'set_property' expects at least one object. [C:/Users/Chase/Documents/School/College/5th Semester/CMPEN 331/Labs/Extra Credit/Extra Credit.srcs/constrs_1/new/constraint.xdc:121]
Resolution: If [get_<value>] was used to populate the object, check to make sure this command returns at least one valid object.
WARNING: [Vivado 12-584] No ports matched 'nextPC[8]'. [C:/Users/Chase/Documents/School/College/5th Semester/CMPEN 331/Labs/Extra Credit/Extra Credit.srcs/constrs_1/new/constraint.xdc:122]
CRITICAL WARNING: [Common 17-55] 'set_property' expects at least one object. [C:/Users/Chase/Documents/School/College/5th Semester/CMPEN 331/Labs/Extra Credit/Extra Credit.srcs/constrs_1/new/constraint.xdc:122]
Resolution: If [get_<value>] was used to populate the object, check to make sure this command returns at least one valid object.
WARNING: [Vivado 12-584] No ports matched 'nextPC[7]'. [C:/Users/Chase/Documents/School/College/5th Semester/CMPEN 331/Labs/Extra Credit/Extra Credit.srcs/constrs_1/new/constraint.xdc:123]
CRITICAL WARNING: [Common 17-55] 'set_property' expects at least one object. [C:/Users/Chase/Documents/School/College/5th Semester/CMPEN 331/Labs/Extra Credit/Extra Credit.srcs/constrs_1/new/constraint.xdc:123]
Resolution: If [get_<value>] was used to populate the object, check to make sure this command returns at least one valid object.
WARNING: [Vivado 12-584] No ports matched 'nextPC[6]'. [C:/Users/Chase/Documents/School/College/5th Semester/CMPEN 331/Labs/Extra Credit/Extra Credit.srcs/constrs_1/new/constraint.xdc:124]
CRITICAL WARNING: [Common 17-55] 'set_property' expects at least one object. [C:/Users/Chase/Documents/School/College/5th Semester/CMPEN 331/Labs/Extra Credit/Extra Credit.srcs/constrs_1/new/constraint.xdc:124]
Resolution: If [get_<value>] was used to populate the object, check to make sure this command returns at least one valid object.
WARNING: [Vivado 12-584] No ports matched 'nextPC[5]'. [C:/Users/Chase/Documents/School/College/5th Semester/CMPEN 331/Labs/Extra Credit/Extra Credit.srcs/constrs_1/new/constraint.xdc:125]
CRITICAL WARNING: [Common 17-55] 'set_property' expects at least one object. [C:/Users/Chase/Documents/School/College/5th Semester/CMPEN 331/Labs/Extra Credit/Extra Credit.srcs/constrs_1/new/constraint.xdc:125]
Resolution: If [get_<value>] was used to populate the object, check to make sure this command returns at least one valid object.
WARNING: [Vivado 12-584] No ports matched 'nextPC[4]'. [C:/Users/Chase/Documents/School/College/5th Semester/CMPEN 331/Labs/Extra Credit/Extra Credit.srcs/constrs_1/new/constraint.xdc:126]
CRITICAL WARNING: [Common 17-55] 'set_property' expects at least one object. [C:/Users/Chase/Documents/School/College/5th Semester/CMPEN 331/Labs/Extra Credit/Extra Credit.srcs/constrs_1/new/constraint.xdc:126]
Resolution: If [get_<value>] was used to populate the object, check to make sure this command returns at least one valid object.
WARNING: [Vivado 12-584] No ports matched 'nextPC[3]'. [C:/Users/Chase/Documents/School/College/5th Semester/CMPEN 331/Labs/Extra Credit/Extra Credit.srcs/constrs_1/new/constraint.xdc:127]
CRITICAL WARNING: [Common 17-55] 'set_property' expects at least one object. [C:/Users/Chase/Documents/School/College/5th Semester/CMPEN 331/Labs/Extra Credit/Extra Credit.srcs/constrs_1/new/constraint.xdc:127]
Resolution: If [get_<value>] was used to populate the object, check to make sure this command returns at least one valid object.
WARNING: [Vivado 12-584] No ports matched 'nextPC[2]'. [C:/Users/Chase/Documents/School/College/5th Semester/CMPEN 331/Labs/Extra Credit/Extra Credit.srcs/constrs_1/new/constraint.xdc:128]
CRITICAL WARNING: [Common 17-55] 'set_property' expects at least one object. [C:/Users/Chase/Documents/School/College/5th Semester/CMPEN 331/Labs/Extra Credit/Extra Credit.srcs/constrs_1/new/constraint.xdc:128]
Resolution: If [get_<value>] was used to populate the object, check to make sure this command returns at least one valid object.
WARNING: [Vivado 12-584] No ports matched 'nextPC[1]'. [C:/Users/Chase/Documents/School/College/5th Semester/CMPEN 331/Labs/Extra Credit/Extra Credit.srcs/constrs_1/new/constraint.xdc:129]
CRITICAL WARNING: [Common 17-55] 'set_property' expects at least one object. [C:/Users/Chase/Documents/School/College/5th Semester/CMPEN 331/Labs/Extra Credit/Extra Credit.srcs/constrs_1/new/constraint.xdc:129]
Resolution: If [get_<value>] was used to populate the object, check to make sure this command returns at least one valid object.
WARNING: [Vivado 12-584] No ports matched 'nextPC[0]'. [C:/Users/Chase/Documents/School/College/5th Semester/CMPEN 331/Labs/Extra Credit/Extra Credit.srcs/constrs_1/new/constraint.xdc:130]
CRITICAL WARNING: [Common 17-55] 'set_property' expects at least one object. [C:/Users/Chase/Documents/School/College/5th Semester/CMPEN 331/Labs/Extra Credit/Extra Credit.srcs/constrs_1/new/constraint.xdc:130]
Resolution: If [get_<value>] was used to populate the object, check to make sure this command returns at least one valid object.
Finished Parsing XDC File [C:/Users/Chase/Documents/School/College/5th Semester/CMPEN 331/Labs/Extra Credit/Extra Credit.srcs/constrs_1/new/constraint.xdc]
INFO: [Opt 31-138] Pushed 0 inverter(s) to 0 load pin(s).
Netlist sorting complete. Time (s): cpu = 00:00:00 ; elapsed = 00:00:00.001 . Memory (MB): peak = 1070.273 ; gain = 0.000
INFO: [Project 1-111] Unisim Transformation Summary:
No Unisim elements were transformed.

open_run: Time (s): cpu = 00:00:34 ; elapsed = 00:00:18 . Memory (MB): peak = 1217.969 ; gain = 330.625
launch_simulation
INFO: [Vivado 12-5682] Launching behavioral simulation in 'C:/Users/Chase/Documents/School/College/5th Semester/CMPEN 331/Labs/Extra Credit/Extra Credit.sim/sim_1/behav/xsim'
INFO: [SIM-utils-51] Simulation object is 'sim_1'
INFO: [SIM-utils-54] Inspecting design source files for 'testbench' in fileset 'sim_1'...
INFO: [USF-XSim-97] Finding global include files...
INFO: [USF-XSim-98] Fetching design files from 'sim_1'...
INFO: [USF-XSim-2] XSim::Compile design
INFO: [USF-XSim-61] Executing 'COMPILE and ANALYZE' step in 'C:/Users/Chase/Documents/School/College/5th Semester/CMPEN 331/Labs/Extra Credit/Extra Credit.sim/sim_1/behav/xsim'
"xvlog --incr --relax -prj testbench_vlog.prj"
INFO: [USF-XSim-69] 'compile' step finished in '4' seconds
INFO: [USF-XSim-3] XSim::Elaborate design
INFO: [USF-XSim-61] Executing 'ELABORATE' step in 'C:/Users/Chase/Documents/School/College/5th Semester/CMPEN 331/Labs/Extra Credit/Extra Credit.sim/sim_1/behav/xsim'
"xelab -wto 7de341c5f8e44fbe89b8dfbbc583636c --incr --debug typical --relax --mt 2 -L xil_defaultlib -L unisims_ver -L unimacro_ver -L secureip --snapshot testbench_behav xil_defaultlib.testbench xil_defaultlib.glbl -log elaborate.log"
Vivado Simulator 2019.1
Copyright 1986-1999, 2001-2019 Xilinx, Inc. All Rights Reserved.
Running: C:/Xilinx/Vivado/2019.1/bin/unwrapped/win64.o/xelab.exe -wto 7de341c5f8e44fbe89b8dfbbc583636c --incr --debug typical --relax --mt 2 -L xil_defaultlib -L unisims_ver -L unimacro_ver -L secureip --snapshot testbench_behav xil_defaultlib.testbench xil_defaultlib.glbl -log elaborate.log 
Using 2 slave threads.
Starting static elaboration
WARNING: [VRFC 10-3091] actual bit length 32 differs from formal bit length 5 for port 'shamt' [C:/Users/Chase/Documents/School/College/5th Semester/CMPEN 331/Labs/Extra Credit/Extra Credit.srcs/sim_1/new/testbench.v:87]
Completed static elaboration
INFO: [XSIM 43-4323] No Change in HDL. Linking previously generated obj files to create kernel
INFO: [USF-XSim-69] 'elaborate' step finished in '3' seconds
INFO: [USF-XSim-4] XSim::Simulate design
INFO: [USF-XSim-61] Executing 'SIMULATE' step in 'C:/Users/Chase/Documents/School/College/5th Semester/CMPEN 331/Labs/Extra Credit/Extra Credit.sim/sim_1/behav/xsim'
INFO: [USF-XSim-98] *** Running xsim
   with args "testbench_behav -key {Behavioral:sim_1:Functional:testbench} -tclbatch {testbench.tcl} -log {simulate.log}"
INFO: [USF-XSim-8] Loading simulator feature
Vivado Simulator 2019.1
Time resolution is 1 ps
source testbench.tcl
# set curr_wave [current_wave_config]
# if { [string length $curr_wave] == 0 } {
#   if { [llength [get_objects]] > 0} {
#     add_wave /
#     set_property needs_save false [current_wave_config]
#   } else {
#      send_msg_id Add_Wave-1 WARNING "No top level signals found. Simulator will start without a wave window. If you want to open a wave window go to 'File->New Waveform Configuration' or type 'create_wave_config' in the TCL console."
#   }
# }
# run 1000ns
xsim: Time (s): cpu = 00:00:20 ; elapsed = 00:00:16 . Memory (MB): peak = 1745.836 ; gain = 54.281
INFO: [USF-XSim-96] XSim completed. Design snapshot 'testbench_behav' loaded.
INFO: [USF-XSim-97] XSim simulation ran for 1000ns
launch_simulation: Time (s): cpu = 00:00:26 ; elapsed = 00:00:26 . Memory (MB): peak = 1745.836 ; gain = 69.543
close_sim
INFO: [Simtcl 6-16] Simulation closed
close_sim: Time (s): cpu = 00:00:05 ; elapsed = 00:00:13 . Memory (MB): peak = 1848.824 ; gain = 0.000
exit
INFO: [Common 17-206] Exiting Vivado at Wed Dec 16 01:26:53 2020...
